<?xml version="1.0" encoding="UTF-8"?>
<!-- Generated by org.testng.reporters.JUnitReportReporter -->
<testsuite hostname="DESKTOP-7OCGU5A" failures="0" tests="1" name="TestNG.CreateC" time="0.012" errors="0" timestamp="2023-09-20T10:06:16 IST" skipped="0">
  <testcase classname="TestNG.CreateC" name="createC" time="0.012"/>
  <system-out/>
</testsuite> <!-- TestNG.CreateC -->
