<?xml version="1.0" encoding="UTF-8"?>
<!-- Generated by org.testng.reporters.JUnitReportReporter -->
<testsuite hostname="DESKTOP-7OCGU5A" failures="0" tests="3" name="TestNG.Practice_Test" time="0.033" errors="0" timestamp="2023-09-15T12:24:47 IST" skipped="0">
  <testcase classname="TestNG.Practice_Test" name="deleteTest" time="0.002"/>
  <system-out/>
  <testcase classname="TestNG.Practice_Test" name="editTest" time="0.003"/>
  <system-out/>
  <testcase classname="TestNG.Practice_Test" name="createTest" time="0.028"/>
  <system-out/>
</testsuite> <!-- TestNG.Practice_Test -->
