<?xml version="1.0" encoding="UTF-8"?>
<!-- Generated by org.testng.reporters.JUnitReportReporter -->
<testsuite hostname="DESKTOP-7OCGU5A" failures="0" tests="3" name="TestNG.Dpexceution_Test" time="0.031" errors="0" timestamp="2023-09-19T22:22:45 IST" skipped="0">
  <testcase classname="TestNG.Dpexceution_Test" name="exceuteMethod" time="0.008"/>
  <system-out/>
  <testcase classname="TestNG.Dpexceution_Test" name="exceuteMethod" time="0.019"/>
  <system-out/>
  <testcase classname="TestNG.Dpexceution_Test" name="exceuteMethod" time="0.004"/>
  <system-out/>
</testsuite> <!-- TestNG.Dpexceution_Test -->
