<?xml version="1.0" encoding="UTF-8"?>
<!-- Generated by org.testng.reporters.JUnitReportReporter -->
<testsuite hostname="DESKTOP-7OCGU5A" failures="0" tests="2" name="TestNG.DataProvider_Test2" time="0.015" errors="0" timestamp="2023-09-20T09:52:04 IST" skipped="0">
  <testcase classname="TestNG.DataProvider_Test2" name="ExecuteData" time="0.013"/>
  <system-out/>
  <testcase classname="TestNG.DataProvider_Test2" name="ExecuteData" time="0.002"/>
  <system-out/>
</testsuite> <!-- TestNG.DataProvider_Test2 -->
