<?xml version="1.0" encoding="UTF-8"?>
<!-- Generated by org.testng.reporters.JUnitReportReporter -->
<testsuite hostname="DESKTOP-7OCGU5A" failures="0" tests="1" name="TestNG.executeTestA" time="0.008" errors="0" timestamp="2023-09-20T10:06:16 IST" skipped="0">
  <testcase classname="TestNG.executeTestA" name="create" time="0.008"/>
  <system-out/>
</testsuite> <!-- TestNG.executeTestA -->
