<?xml version="1.0" encoding="UTF-8"?>
<!-- Generated by org.testng.reporters.JUnitReportReporter -->
<testsuite hostname="DESKTOP-7OCGU5A" failures="0" tests="3" name="TestNG.DataProviderExcel_Test" time="0.008" errors="0" timestamp="2023-09-21T00:36:51 IST" skipped="0">
  <testcase classname="TestNG.DataProviderExcel_Test" name="getData" time="0.001"/>
  <system-out/>
  <testcase classname="TestNG.DataProviderExcel_Test" name="getData" time="0.002"/>
  <system-out/>
  <testcase classname="TestNG.DataProviderExcel_Test" name="getData" time="0.005"/>
  <system-out/>
</testsuite> <!-- TestNG.DataProviderExcel_Test -->
