<?xml version="1.0" encoding="UTF-8"?>
<!-- Generated by org.testng.reporters.JUnitReportReporter -->
<testsuite hostname="DESKTOP-7OCGU5A" failures="0" tests="2" name="TestNG.Annotation_Test" time="0.015" errors="0" timestamp="2023-09-19T09:37:50 IST" skipped="0">
  <testcase classname="TestNG.Annotation_Test" name="executeTest" time="0.003"/>
  <system-out/>
  <testcase classname="TestNG.Annotation_Test" name="actual" time="0.012"/>
  <system-out/>
</testsuite> <!-- TestNG.Annotation_Test -->
