<?xml version="1.0" encoding="UTF-8"?>
<!-- Generated by org.testng.reporters.JUnitReportReporter -->
<testsuite hostname="DESKTOP-7OCGU5A" failures="0" tests="1" name="TestNG.DataProvider_Test" time="0.000" errors="0" timestamp="2023-09-19T21:39:48 IST" skipped="1">
  <testcase classname="TestNG.DataProvider_Test" name="getData" time="0.000">
    <skipped/>
  </testcase> <!-- getData -->
  <system-out/>
</testsuite> <!-- TestNG.DataProvider_Test -->
