<?xml version="1.0" encoding="UTF-8"?>
<!-- Generated by org.testng.reporters.JUnitReportReporter -->
<testsuite hostname="DESKTOP-7OCGU5A" failures="0" tests="3" name="TestNG.DpExcelExceution_Test" time="0.014" errors="0" timestamp="2023-09-20T10:00:32 IST" skipped="0">
  <testcase classname="TestNG.DpExcelExceution_Test" name="exceuteMethod" time="0.011"/>
  <system-out/>
  <testcase classname="TestNG.DpExcelExceution_Test" name="exceuteMethod" time="0.001"/>
  <system-out/>
  <testcase classname="TestNG.DpExcelExceution_Test" name="exceuteMethod" time="0.002"/>
  <system-out/>
</testsuite> <!-- TestNG.DpExcelExceution_Test -->
