<?xml version="1.0" encoding="UTF-8"?>
<!-- Generated by org.testng.reporters.JUnitReportReporter -->
<testsuite hostname="DESKTOP-7OCGU5A" failures="0" tests="1" name="com.admin_Module.MyProfile1Test1" time="14.842" errors="0" timestamp="2023-09-20T15:59:20 IST" skipped="0">
  <testcase classname="com.admin_Module.MyProfile1Test1" name="createMyprofile" time="14.842"/>
  <system-out/>
</testsuite> <!-- com.admin_Module.MyProfile1Test1 -->
