<?xml version="1.0" encoding="UTF-8"?>
<!-- Generated by org.testng.reporters.JUnitReportReporter -->
<testsuite hostname="DESKTOP-7OCGU5A" failures="0" tests="1" name="TestNG.DataProvider1" time="2.010" errors="0" timestamp="2023-09-19T22:19:13 IST" skipped="0">
  <testcase classname="TestNG.DataProvider1" name="dataProv" time="2.010"/>
  <system-out/>
</testsuite> <!-- TestNG.DataProvider1 -->
