<?xml version="1.0" encoding="UTF-8"?>
<!-- Generated by org.testng.reporters.JUnitReportReporter -->
<testsuite hostname="DESKTOP-7OCGU5A" failures="0" tests="1" name="TestNG.ApplyTestB" time="0.011" errors="0" timestamp="2023-09-28T09:43:04 IST" skipped="0">
  <testcase classname="TestNG.ApplyTestB" name="submit" time="0.011"/>
  <system-out/>
</testsuite> <!-- TestNG.ApplyTestB -->
